Microsoft (R) Macro Assembler Version 5.10                  10/6/18 03:26:01
                                                             Page     1-1


 0000				SSTACK     SEGMENT PARA STACK  'STACK'
 0000  0040[			                DB   64 DUP('–°–¢–ï–ö____')
	   D0 A1 D0 A2 D0	
	   95 D0 9A 5F 5F	
	   5F 5F		
			 ]	
				
 0300				     SSTACK     ENDS
				
 0000				     DSEG          SEGMENT  PARA PUBLIC 'DATA'
 0000  00 01 02 03 04 05	     X         DB      0,1,2,3,4,5,6,7
       06 07			
 0008  01			     B         DB      1B
 0009  00			     K         DB      ?
 000A				     DSEG          ENDS
				
				SUBTTL         –û–°–ù–û–í–ù–ê–Ø –ü–†–û–ì–†–ê–ú–
				ú–ê
Microsoft (R) Macro Assembler Version 5.10                  10/6/18 03:26:01
                                                             Page     1-2
–û–°–ù–û–í–ù–ê–Ø –ü–†–û–ì–†–ê–ú–ú–ê                         

				PAGE
 0000				     CSEG      SEGMENT PARA PUBLIC 'CODE'
				               ASSUME CS:CSEG,DS:DSEG,SS:SSTACK
				
 0000				     START     PROC FAR
 0000  B8 ---- R		               MOV  AX,DSEG
 0003  8E D8			               MOV  DS,AX
				
 0005  C6 06 0009 R 02		     M1:       MOV   K,2
 000A  BE 0000			               MOV SI,0
 000D  B9 0008			               MOV CX,8
 0010  A0 0008 R		               MOV AL,B
 0013  84 84 0000 R		     M2:       TEST X[SI],AL
 0017  75 06			               JNZ  M3
 0019  FE 0E 0009 R		               DEC  K
 001D  74 03			               JZ   M4
 001F  46			     M3:       INC  SI
 0020  E2 F1			               LOOP M2
 0022  83 C6 30			     M4:       ADD  SI,'0'
 0025  B4 02			               MOV  AH,2
 0027  8B D6			               MOV  DX,SI
 0029  CD 21			     M5:       INT  21H
 002B  B4 4C			     M6:       MOV  AH,4CH
 002D  B0 00			               MOV  AL,0
 002F  CD 21			               INT 21H
 0031				     START     ENDP
				
 0031				     CSEG      ENDS
				               END  START
Microsoft (R) Macro Assembler Version 5.10                  10/6/18 03:26:01
                                                             Symbols-1


Segments and Groups:

                N a m e         	Length	 Align	Combine Class

CSEG . . . . . . . . . . . . . .  	0031	PARA	PUBLIC	'CODE'
DSEG . . . . . . . . . . . . . .  	000A	PARA	PUBLIC	'DATA'
SSTACK . . . . . . . . . . . . .  	0300	PARA	STACK	'STACK'

Symbols:            

                N a m e         	Type	 Value	 Attr

B  . . . . . . . . . . . . . . .  	L BYTE	0008	DSEG

K  . . . . . . . . . . . . . . .  	L BYTE	0009	DSEG

M1 . . . . . . . . . . . . . . .  	L NEAR	0005	CSEG
M2 . . . . . . . . . . . . . . .  	L NEAR	0013	CSEG
M3 . . . . . . . . . . . . . . .  	L NEAR	001F	CSEG
M4 . . . . . . . . . . . . . . .  	L NEAR	0022	CSEG
M5 . . . . . . . . . . . . . . .  	L NEAR	0029	CSEG
M6 . . . . . . . . . . . . . . .  	L NEAR	002B	CSEG

START  . . . . . . . . . . . . .  	F PROC	0000	CSEG	Length = 0031

X  . . . . . . . . . . . . . . .  	L BYTE	0000	DSEG

@CPU . . . . . . . . . . . . . .  	TEXT  0101h		
@FILENAME  . . . . . . . . . . .  	TEXT  LR03		
@VERSION . . . . . . . . . . . .  	TEXT  510		


     40 Source  Lines
     40 Total   Lines
     25 Symbols

  47942 + 459318 Bytes symbol space free

      0 Warning Errors
      0 Severe  Errors
